0 info it worked if it ends with ok
1 verbose cli [ '/home/ubuntu/.nvm/versions/node/v4.4.0/bin/node',
1 verbose cli   '/home/ubuntu/.nvm/versions/node/v4.4.0/bin/npm',
1 verbose cli   'publish',
1 verbose cli   './',
1 verbose cli   '--beta' ]
2 info using npm@2.14.20
3 info using node@v4.4.0
4 verbose publish [ './' ]
5 silly cache add args [ './', null ]
6 verbose cache add spec ./
7 silly cache add parsed spec Result {
7 silly cache add   raw: './',
7 silly cache add   scope: null,
7 silly cache add   name: null,
7 silly cache add   rawSpec: './',
7 silly cache add   spec: '/home/ubuntu/workspace',
7 silly cache add   type: 'directory' }
8 verbose addLocalDirectory /home/ubuntu/.npm/nodebb-plugin-sso-steam-refactor/0.0.5/package.tgz not in flight; packing
9 verbose correctMkdir /home/ubuntu/.npm correctMkdir not in flight; initializing
10 verbose tar pack [ '/home/ubuntu/.npm/nodebb-plugin-sso-steam-refactor/0.0.5/package.tgz',
10 verbose tar pack   '/home/ubuntu/workspace' ]
11 verbose tarball /home/ubuntu/.npm/nodebb-plugin-sso-steam-refactor/0.0.5/package.tgz
12 verbose folder /home/ubuntu/workspace
13 info prepublish nodebb-plugin-sso-steam-refactor@0.0.5
14 verbose addLocalTarball adding from inside cache /home/ubuntu/.npm/nodebb-plugin-sso-steam-refactor/0.0.5/package.tgz
15 verbose correctMkdir /home/ubuntu/.npm correctMkdir not in flight; initializing
16 silly cache afterAdd nodebb-plugin-sso-steam-refactor@0.0.5
17 verbose afterAdd /home/ubuntu/.npm/nodebb-plugin-sso-steam-refactor/0.0.5/package/package.json not in flight; writing
18 verbose correctMkdir /home/ubuntu/.npm correctMkdir not in flight; initializing
19 verbose afterAdd /home/ubuntu/.npm/nodebb-plugin-sso-steam-refactor/0.0.5/package/package.json written
20 silly publish { name: 'nodebb-plugin-sso-steam-refactor',
20 silly publish   version: '0.0.5',
20 silly publish   description: 'NodeBB Steam SSO refactor',
20 silly publish   main: 'library.js',
20 silly publish   repository:
20 silly publish    { type: 'git',
20 silly publish      url: 'git+https://github.com/h0lybyte/nodebb-plugin-sso-steam-refactor.git' },
20 silly publish   keywords:
20 silly publish    [ 'nodebb',
20 silly publish      'plugin',
20 silly publish      'openid',
20 silly publish      'steam',
20 silly publish      'sso',
20 silly publish      'single sign on',
20 silly publish      'registration' ],
20 silly publish   author:
20 silly publish    { name: 'Julian and Igor , refactor by h0lybyte',
20 silly publish      email: 'admin@kbve.com' },
20 silly publish   license: 'MIT',
20 silly publish   bugs: { url: 'https://kbve.com/topic/19/nodebb-steam-sso-_refactor' },
20 silly publish   readme: '# steam-sso-refactor-nodebb\nSteam SSO Refactor\n',
20 silly publish   readmeFilename: 'README.md',
20 silly publish   dependencies: { 'passport-steam': '~1.0.1' },
20 silly publish   nbbpm: { compatibility: '^1.0.1' },
20 silly publish   gitHead: '25fea4849ddf6f6e74366a1e489fec3ae308a0cc',
20 silly publish   homepage: 'https://github.com/h0lybyte/nodebb-plugin-sso-steam-refactor#readme',
20 silly publish   _id: 'nodebb-plugin-sso-steam-refactor@0.0.5',
20 silly publish   scripts: {},
20 silly publish   _shasum: 'e304aa16a2af452ae6394ec985e70f76514ae268',
20 silly publish   _from: '.' }
21 verbose getPublishConfig undefined
22 silly mapToRegistry name nodebb-plugin-sso-steam-refactor
23 silly mapToRegistry using default registry
24 silly mapToRegistry registry https://registry.npmjs.org/
25 silly mapToRegistry uri https://registry.npmjs.org/nodebb-plugin-sso-steam-refactor
26 verbose publish registryBase https://registry.npmjs.org/
27 silly publish uploading /home/ubuntu/.npm/nodebb-plugin-sso-steam-refactor/0.0.5/package.tgz
28 verbose request uri https://registry.npmjs.org/nodebb-plugin-sso-steam-refactor
29 verbose request sending authorization for write operation
30 info attempt registry request try #1 at 2:03:37 AM
31 verbose request using bearer token for auth
32 verbose request id 9eafdde643c3ccb9
33 http request PUT https://registry.npmjs.org/nodebb-plugin-sso-steam-refactor
34 http 500 https://registry.npmjs.org/nodebb-plugin-sso-steam-refactor
35 verbose headers { 'content-type': 'application/json',
35 verbose headers   'cache-control': 'max-age=0',
35 verbose headers   'content-length': '47',
35 verbose headers   'accept-ranges': 'bytes',
35 verbose headers   date: 'Sun, 17 Apr 2016 02:03:38 GMT',
35 verbose headers   via: '1.1 varnish',
35 verbose headers   connection: 'keep-alive',
35 verbose headers   'x-served-by': 'cache-jfk1046-JFK',
35 verbose headers   'x-cache': 'MISS',
35 verbose headers   'x-cache-hits': '0',
35 verbose headers   'x-timer': 'S1460858617.477095,VS0,VE636' }
36 info retry will retry, error on last attempt: Error: "write after end" : nodebb-plugin-sso-steam-refactor
37 info attempt registry request try #2 at 2:03:48 AM
38 verbose request using bearer token for auth
39 http request PUT https://registry.npmjs.org/nodebb-plugin-sso-steam-refactor
40 http 500 https://registry.npmjs.org/nodebb-plugin-sso-steam-refactor
41 verbose headers { 'content-type': 'application/json',
41 verbose headers   'cache-control': 'max-age=0',
41 verbose headers   'content-length': '47',
41 verbose headers   'accept-ranges': 'bytes',
41 verbose headers   date: 'Sun, 17 Apr 2016 02:03:48 GMT',
41 verbose headers   via: '1.1 varnish',
41 verbose headers   connection: 'keep-alive',
41 verbose headers   'x-served-by': 'cache-jfk1022-JFK',
41 verbose headers   'x-cache': 'MISS',
41 verbose headers   'x-cache-hits': '0',
41 verbose headers   'x-timer': 'S1460858628.242280,VS0,VE625' }
42 info retry will retry, error on last attempt: Error: "write after end" : nodebb-plugin-sso-steam-refactor
43 info attempt registry request try #3 at 2:04:48 AM
44 verbose request using bearer token for auth
45 http request PUT https://registry.npmjs.org/nodebb-plugin-sso-steam-refactor
46 http 500 https://registry.npmjs.org/nodebb-plugin-sso-steam-refactor
47 verbose headers { 'content-type': 'application/json',
47 verbose headers   'cache-control': 'max-age=0',
47 verbose headers   'content-length': '47',
47 verbose headers   'accept-ranges': 'bytes',
47 verbose headers   date: 'Sun, 17 Apr 2016 02:04:49 GMT',
47 verbose headers   via: '1.1 varnish',
47 verbose headers   connection: 'keep-alive',
47 verbose headers   'x-served-by': 'cache-dfw1846-DFW',
47 verbose headers   'x-cache': 'MISS',
47 verbose headers   'x-cache-hits': '0',
47 verbose headers   'x-timer': 'S1460858688.989714,VS0,VE759' }
48 verbose request invalidating /home/ubuntu/.npm/registry.npmjs.org/nodebb-plugin-sso-steam-refactor on PUT
49 error publish Failed PUT 500
50 verbose stack Error: "write after end" : nodebb-plugin-sso-steam-refactor
50 verbose stack     at makeError (/home/ubuntu/.nvm/versions/node/v4.4.0/lib/node_modules/npm/node_modules/npm-registry-client/lib/request.js:264:12)
50 verbose stack     at CachingRegistryClient.<anonymous> (/home/ubuntu/.nvm/versions/node/v4.4.0/lib/node_modules/npm/node_modules/npm-registry-client/lib/request.js:252:14)
50 verbose stack     at Request._callback (/home/ubuntu/.nvm/versions/node/v4.4.0/lib/node_modules/npm/node_modules/npm-registry-client/lib/request.js:172:14)
50 verbose stack     at Request.self.callback (/home/ubuntu/.nvm/versions/node/v4.4.0/lib/node_modules/npm/node_modules/request/request.js:199:22)
50 verbose stack     at emitTwo (events.js:87:13)
50 verbose stack     at Request.emit (events.js:172:7)
50 verbose stack     at Request.<anonymous> (/home/ubuntu/.nvm/versions/node/v4.4.0/lib/node_modules/npm/node_modules/request/request.js:1036:10)
50 verbose stack     at emitOne (events.js:82:20)
50 verbose stack     at Request.emit (events.js:169:7)
50 verbose stack     at IncomingMessage.<anonymous> (/home/ubuntu/.nvm/versions/node/v4.4.0/lib/node_modules/npm/node_modules/request/request.js:963:12)
51 verbose statusCode 500
52 verbose pkgid nodebb-plugin-sso-steam-refactor
53 verbose cwd /home/ubuntu/workspace
54 error Linux 4.2.0-c9
55 error argv "/home/ubuntu/.nvm/versions/node/v4.4.0/bin/node" "/home/ubuntu/.nvm/versions/node/v4.4.0/bin/npm" "publish" "./" "--beta"
56 error node v4.4.0
57 error npm  v2.14.20
58 error code E500
59 error "write after end" : nodebb-plugin-sso-steam-refactor
60 error If you need help, you may report this error at:
60 error     <https://github.com/npm/npm/issues>
61 verbose exit [ 1, true ]
